ncsim 15.20-s039
Linux 2.6.32-754.35.1.el6.x86_64 #1 SMP Sat Nov 7 12:42:14 UTC 2020 x86_64
CPU cores: 32
Limit information:
======================================
cputime			unlimited
filesize		unlimited
datasize		unlimited
stacksize		10240 kbytes
coredumpsize	0 kbytes
memoryuse		unlimited
vmemoryuse		unlimited
descriptors		4096
memorylocked	64 kbytes
maxproc			1024
======================================
(Special)Runtime environment variables:

Runtime environment variables:
QTDIR=/usr/lib64/qt-3.3
VCS_HOME=/usr/cad/synopsys/vcs-mx/cur
SOFT_MAN_DIR=/usr/cad/synopsys/coreconsultant/cur/doc/dware/man
SHELL=/bin/tcsh
PCTHOME=/usr/cad/synopsys/pa_virtualizer/cur/SLS/linux/pc
MACHTYPE=x86_64
LESSOPEN=||/usr/bin/lesspipe.sh %s
CWR_USING_LNX_KERNEL_THREADS=1
SSH_CONNECTION=192.168.75.200 45706 192.168.75.28 22
PATH=/usr/cad/cadence/INNOVUS/cur/tools/celtic/bin:/usr/cad/cadence/INNOVUS/cur/tools/plato/bin:/usr/cad/cadence/INNOVUS/cur/tools/dfII/bin:/usr/cad/cadence/INNOVUS/cur/tools/bin:/usr/cad/cadence/INNOVUS/cur//tools/tlfUtil/bin:/usr/cad/cadence/INCISIV/cur/tools/bin:/usr/cad/cadence/INCISIV/cur/tools/vtools/vfault/bin:/usr/cad/cadence/INCISIV/cur/tools/dfII/bin:/usr/cad/cadence/EDI/cur/tools/celtic/bin:/usr/cad/cadence/EDI/cur/tools/plato/bin:/usr/cad/cadence/EDI/cur/tools/dfII/bin:/usr/cad/cadence/EDI/cur/tools/fe/bin:/usr/cad/cadence/EDI/cur/tools/cdsdoc/bin:/usr/cad/cadence/EDI/cur/tools/bin:/usr/cad/cadence/EDI/cur//tools/tlfUtil/bin:/usr/cad/cadence/CTOS/cur/tools/bin:/usr/cad/cadence/MMSIM/cur/tools/dfII/bin:/usr/cad/cadence/MMSIM/cur/tools/bin:/usr/cad/cadence/EXT/cur/tools/bin:/usr/cad/cadence/ETS/cur/tools/bin:/usr/cad/cadence/CONFRML/cur/./bin:/usr/cad/cadence/CONFRML/cur/tools/bin:/usr/cad/cadence/IC/cur/tools/dfII/bin:/usr/cad/cadence/IC/cur/tools/dracula/bin:/usr/cad/cadence/IC/cur/tools/bin:/usr/cad/synopsys/pa_virtualizer/cur/SLS/linux/pc/bin:/usr/cad/synopsys/pa_virtualizer/cur/SLS/linux/InnoGUI/Innovator/Bin:/usr/cad/synopsys/pa_virtualizer/cur/SLS/linux/tools/bin:/usr/cad/synopsys/icc/cur/amd64/syn/bin:/usr/bin/X11:/usr/cad/synopsys/coreconsultant/cur/bin:/usr/cad/synopsys/verdi/cur/bin:/usr/cad/synopsys/verdi/cur/nLint/bin:/usr/cad/synopsys/vcs-mx/cur/bin:/usr/cad/synopsys/vcs-mx/cur/linux/bin:/usr/cad/synopsys/vcs-mx/cur/linux/util:/usr/cad/synopsys/vcs-mx/cur/linux/flexlm:/usr/bin/X11:/usr/cad/synopsys/coreConsultant/cur/bin:/usr/cad/synopsys/synthesis/cur/amd64/syn/bin:/usr/cad/synopsys/lc/cur/bin:/usr/bin/X11:/usr/cad/synopsys/primetime/cur/amd64/syn/bin:/usr/lib64/qt-3.3/bin:/usr/local/bin:/bin:/usr/bin
LM_LICENSE_FILE=5280@lshc:5280@lsncku:5280@lsnchu:5280@lsntu:8224@lscic.cic.org.tw:26585@lscic.cic.org.tw:26585@lscic
SNPS_VP_HTYPE=linux
PRIMETIME=/usr/cad/synopsys/primetime/cur
ENCOUNTER=/usr/cad/cadence/INNOVUS/cur/tools/fe
SNPS_VP_PRODUCT=PA
SSH_TTY=/dev/pts/2
COWARE_MONITORS_PATH=/users/course/2021S/aml9000000/u106072139/.synopsys/monitors:/usr/cad/synopsys/pa_virtualizer/cur/SLS/linux/IP
VENDOR=unknown
COWAREHT=linux
LS_COLORS=rs=0:di=01;34:ln=01;36:mh=00:pi=40;33:so=01;35:do=01;35:bd=40;33;01:cd=40;33;01:or=40;31;01:mi=01;05;37;41:su=37;41:sg=30;43:ca=30;41:tw=30;42:ow=34;42:st=37;44:ex=01;32:*.tar=01;31:*.tgz=01;31:*.arj=01;31:*.taz=01;31:*.lzh=01;31:*.lzma=01;31:*.tlz=01;31:*.txz=01;31:*.zip=01;31:*.z=01;31:*.Z=01;31:*.dz=01;31:*.gz=01;31:*.lz=01;31:*.xz=01;31:*.bz2=01;31:*.tbz=01;31:*.tbz2=01;31:*.bz=01;31:*.tz=01;31:*.deb=01;31:*.rpm=01;31:*.jar=01;31:*.rar=01;31:*.ace=01;31:*.zoo=01;31:*.cpio=01;31:*.7z=01;31:*.rz=01;31:*.jpg=01;35:*.jpeg=01;35:*.gif=01;35:*.bmp=01;35:*.pbm=01;35:*.pgm=01;35:*.ppm=01;35:*.tga=01;35:*.xbm=01;35:*.xpm=01;35:*.tif=01;35:*.tiff=01;35:*.png=01;35:*.svg=01;35:*.svgz=01;35:*.mng=01;35:*.pcx=01;35:*.mov=01;35:*.mpg=01;35:*.mpeg=01;35:*.m2v=01;35:*.mkv=01;35:*.ogm=01;35:*.mp4=01;35:*.m4v=01;35:*.mp4v=01;35:*.vob=01;35:*.qt=01;35:*.nuv=01;35:*.wmv=01;35:*.asf=01;35:*.rm=01;35:*.rmvb=01;35:*.flc=01;35:*.avi=01;35:*.fli=01;35:*.flv=01;35:*.gl=01;35:*.dl=01;35:*.xcf=01;35:*.xwd=01;35:*.yuv=01;35:*.cgm=01;35:*.emf=01;35:*.axv=01;35:*.anx=01;35:*.ogv=01;35:*.ogx=01;35:*.aac=01;36:*.au=01;36:*.flac=01;36:*.mid=01;36:*.midi=01;36:*.mka=01;36:*.mp3=01;36:*.mpc=01;36:*.ogg=01;36:*.ra=01;36:*.wav=01;36:*.axa=01;36:*.oga=01;36:*.spx=01;36:*.xspf=01;36:
SHLIB_PATH=/usr/cad/synopsys/verdi/cur/share/PLI/IUS/LINUX
OA_HOME=/usr/cad/cadence/INNOVUS/cur/oa
KDEDIRS=/usr
DISPLAY=localhost:11.0
COWARE_PRODUCT=PA
PWD=/users/course/2021S/aml9000000/u106072139/huffman
G_BROKEN_FILENAMES=1
MANPATH=:/usr/cad/synopsys/synthesis/cur/doc/syn/man:/usr/cad/synopsys/coreconsultant/cur/doc/dware/man
HOME=/users/course/2021S/aml9000000/u106072139
SYNOPSYS=/usr/cad/synopsys/icc/cur
LD_LIBRARY_PATH=/usr/cad/synopsys/verdi/cur/share/PLI/IUS/LINUX64::/usr/cad/cadence/INNOVUS/cur//tools/tlfUtil/lib:/usr/cad/cadence/INCISIV/cur/tools/lib:/usr/cad/cadence/INCISIV/cur/tools/vtools/vfault/lib:/usr/cad/cadence/EDI/cur//tools/tlfUtil/lib:/usr/cad/cadence/CTOS/cur/tools/lib:/usr/cad/cadence/MMSIM/cur/tools/lib:/usr/cad/cadence/EXT/cur/tools/lib:/usr/cad/cadence/ETS/cur/tools/lib:/usr/cad/cadence/CONFRML/cur/tools/lib:/usr/cad/cadence/IC/cur/tools/lib:/usr/cad/synopsys/pa_virtualizer/cur/SLS/linux/dmtools/lib:/usr/cad/synopsys/pa_virtualizer/cur/SLS/linux/pc/lib:/usr/cad/synopsys/pa_virtualizer/cur/SLS/linux/common/lib-any:/usr/cad/synopsys/pa_virtualizer/cur/SLS/linux/common/libso-gcc-4.7.2:/usr/cad/synopsys/pa_virtualizer/cur/SLS/linux/gnu/gcc-4.7.2/lib:/usr/cad/synopsys/verdi/cur/share/PLI/IUS/LINUX/:/usr/cad/synopsys/pa_virtualizer/cur/SLS/linux/dmtools/lib:/lib
SYN_MAN_DIR=/usr/cad/synopsys/synthesis/cur/doc/syn/man
LOGNAME=u106072139
VCS_CC=gcc
HOSTNAME=ic58.cs.nthu.edu.tw
SSH_ASKPASS=/usr/libexec/openssh/gnome-ssh-askpass
OSTYPE=linux
SHLVL=1
COWAREHOME=/usr/cad/synopsys/pa_virtualizer/cur/SLS/linux
USER=u106072139
QTLIB=/usr/lib64/qt-3.3/lib
SNPS_VIEW_CONFIG_PATH=/users/course/2021S/aml9000000/u106072139/.synopsys/viewconfig:/usr/cad/synopsys/pa_virtualizer/cur/SLS/linux/IP:/usr/cad/synopsys/pa_virtualizer/cur/SLS/linux/common/etc/viewconfig
SYNTHESIS=/usr/cad/synopsys/synthesis/cur
REMOTEHOST=nthucad
SYNOPSYS_LC_ROOT=/tools/linux/synopsys/lc/cur
CVS_RSH=ssh
MAKEFLAGS=
MFLAGS=
SSH_CLIENT=192.168.75.200 45706 22
MAIL=/var/spool/mail/u106072139
COWARE_AUX_BIN=/usr/cad/synopsys/pa_virtualizer/cur/SLS/linux/common/bin
COWARE_JRE=/usr/cad/synopsys/pa_virtualizer/cur/SLS/linux/../linux/java
KDE_IS_PRELINKED=1
COWAREDOC_INSTALLED_AT=/usr/cad/synopsys/pa_virtualizer/vJ-2014.12/Documentation
OAHOME=/usr/cad/cadence/oa_v22.04.073
HOSTTYPE=x86_64-linux
VERPLEX_HOME=/usr/cad/cadence/CONFRML/cur
SNPS_VP_DOC=/usr/cad/synopsys/pa_virtualizer/vJ-2014.12/Documentation
COWARE_CXX_COMPILER=gcc-4.7.2
GROUP=aml9000000
CDS_Netlisting_Mode=Analog
INPUTRC=/etc/inputrc
QTINC=/usr/lib64/qt-3.3/include
SNPS_VP_HOME=/usr/cad/synopsys/pa_virtualizer/cur/SLS/linux
LANG=en_US
TERM=xterm
HOST=ic58.cs.nthu.edu.tw
MAKELEVEL=1
_IRUNROOT_=/usr/cad/cadence/INCISIV/cur/tools
CDS_ARCH=lnx86
NCRUNMODE=ncverilog:./INCA_libs/irun.lnx86.15.20.nc
IRUNBATCH=FALSE
IMPERAS_PORT_FILE=.vsp_ovp_gdb_port
TCL_LIBRARY=/usr/cad/cadence/INCISIV/cur/tools/inca/files/tcl/library
Runtime command line arguments:
argv[0]=ncverilog
argv[1]=+debug=3
argv[2]=testbench.v
argv[3]=gaparr_sram.v
argv[4]=input_sram.v
argv[5]=symbol_sram.v
argv[6]=length_sram.v
argv[7]=encode_sram.v
argv[8]=output_sram.v
argv[9]=top.v
argv[10]=+access+r
105 profile - 100
          CPU/Mem usage: 0.060 sys,  0.060 user,  61.92M sys,  0.00M vm
106 VC callback profile - scalar:0 vector:0
107 Tue Jun 29 08:10:11 2021
108 pliAppInit
109 *Verdi3* : Enable Parallel Dumping.
110 pliAppMiscSet: New Sim Round
111 pliEntryInit
112 LIBSSCORE=found /usr/cad/synopsys/verdi/cur/share/PLI/IUS/LINUX/libsscore_ius152.so through $LD_LIBRARY_PATH setting.
113 argv[0]: filter.fsdb
114 FSDB Dumper for IUS, Release Verdi3_L-2016.06-SP1-1, Linux, 09/27/2016
115 (C) 1996 - 2016 by Synopsys, Inc.
116 sps_call_fsdbDumpfile at 0 : /users/course/2021S/aml9000000/u106072139/huffman/testbench.v(143)
117 argv[0]: filter.fsdb
118 *Verdi3* FSDB WARNING: The FSDB file already exists. Overwriting the FSDB file may crash the programs that are using this file.
119 *Verdi3* : Create FSDB file 'filter.fsdb'
120 sps_call_fsdbDumpvars at 0 : /users/course/2021S/aml9000000/u106072139/huffman/testbench.v(145)
121 *Verdi3* : Begin traversing the scopes, layer (0).
122 *Verdi3* : End of traversing.
123 fsdbDumpvars traverse var: profile - 
          CPU/Mem usage: 0.070 sys,  0.080 user,  145.65M sys,  0.00M vm
                   incr: 0.000 sys,  0.010 user,  3.89M sys,  0.00M vm
                   accu: 0.000 sys,  0.010 user,  3.89M sys,  0.00M vm
              accu incr: 0.000 sys,  0.010 user,  3.89M sys,  0.00M vm

          Count usage: 468 var,  308 idcode,  308 callback
                 incr: 468 var,  308 idcode,  308 callback
                 accu: 468 var,  308 idcode,  308 callback
            accu incr: 468 var,  308 idcode,  308 callback
124 VC callback profile - scalar:0 vector:0
125 Tue Jun 29 08:10:11 2021
126 fsdbDumpvars: profile - 
          CPU/Mem usage: 0.070 sys,  0.080 user,  146.70M sys,  0.00M vm
                   incr: 0.000 sys,  0.000 user,  1.05M sys,  0.00M vm
                   accu: 0.000 sys,  0.010 user,  4.94M sys,  0.00M vm
              accu incr: 0.000 sys,  0.000 user,  1.05M sys,  0.00M vm

          Count usage: 468 var,  308 idcode,  308 callback
                 incr: 0 var,  0 idcode,  0 callback
                 accu: 468 var,  308 idcode,  308 callback
            accu incr: 0 var,  0 idcode,  0 callback
127 VC callback profile - scalar:26 vector:282
128 Tue Jun 29 08:10:11 2021
129 End of simulation at 5900000
130 VC callback profile - scalar:764 vector:1198
131 Tue Jun 29 08:10:11 2021
132 Begin FSDB profile info:
133 FSDB Writer : flush elapsed time(0.001952) bc1(764) bcn(1198) mtf/stf(0/0) MT Compression : 0
134 End FSDB profile info
135 Parallel profile    -  Flush:3 Expand:0 ProduceWait:0 ConsumerWait:0 BlockUsed:0
136                        ProduceTime:0.166901055 ConsumerTime:0.000000000 Buffer:64MB
137 SimExit
138 Sim process exit
