ncsim 15.20-s039
Linux 2.6.32-754.24.3.el6.x86_64 #1 SMP Thu Nov 14 15:35:16 UTC 2019 x86_64
CPU cores: 32
Limit information:
======================================
cputime			unlimited
filesize		unlimited
datasize		unlimited
stacksize		10240 kbytes
coredumpsize	0 kbytes
memoryuse		unlimited
vmemoryuse		unlimited
descriptors		4096
memorylocked	64 kbytes
maxproc			1024
======================================
(Special)Runtime environment variables:

Runtime environment variables:
REMOTEHOST=nthucad
MANPATH=:/usr/cad/synopsys/synthesis/cur/doc/syn/man:/usr/cad/synopsys/coreconsultant/cur/doc/dware/man
HOSTNAME=ic57.cs.nthu.edu.tw
COWARE_MONITORS_PATH=/users/course/2021S/vlsi8000000/u107062107/.synopsys/monitors:/usr/cad/synopsys/pa_virtualizer/cur/SLS/linux/IP
SNPS_VP_PRODUCT=PA
HOST=ic57.cs.nthu.edu.tw
TERM=xterm-256color
SHELL=/bin/tcsh
MAKEFLAGS=
COWARE_AUX_BIN=/usr/cad/synopsys/pa_virtualizer/cur/SLS/linux/common/bin
SSH_CLIENT=192.168.75.200 36759 22
COWARE_CXX_COMPILER=gcc-4.7.2
SNPS_VIEW_CONFIG_PATH=/users/course/2021S/vlsi8000000/u107062107/.synopsys/viewconfig:/usr/cad/synopsys/pa_virtualizer/cur/SLS/linux/IP:/usr/cad/synopsys/pa_virtualizer/cur/SLS/linux/common/etc/viewconfig
SNPS_VP_DOC=/usr/cad/synopsys/pa_virtualizer/vJ-2014.12/Documentation
QTDIR=/usr/lib64/qt-3.3
QTINC=/usr/lib64/qt-3.3/include
SSH_TTY=/dev/pts/5
CWR_USING_LNX_KERNEL_THREADS=1
GROUP=vlsi8000000
USER=u107062107
LD_LIBRARY_PATH=/usr/cad/synopsys/verdi/cur/share/PLI/IUS/LINUX64::/usr/cad/cadence/INNOVUS/cur//tools/tlfUtil/lib:/usr/cad/cadence/INCISIV/cur/tools/lib:/usr/cad/cadence/INCISIV/cur/tools/vtools/vfault/lib:/usr/cad/cadence/EDI/cur//tools/tlfUtil/lib:/usr/cad/cadence/CTOS/cur/tools/lib:/usr/cad/cadence/MMSIM/cur/tools/lib:/usr/cad/cadence/EXT/cur/tools/lib:/usr/cad/cadence/ETS/cur/tools/lib:/usr/cad/cadence/CONFRML/cur/tools/lib:/usr/cad/cadence/IC/cur/tools/lib:/usr/cad/synopsys/pa_virtualizer/cur/SLS/linux/dmtools/lib:/usr/cad/synopsys/pa_virtualizer/cur/SLS/linux/pc/lib:/usr/cad/synopsys/pa_virtualizer/cur/SLS/linux/common/lib-any:/usr/cad/synopsys/pa_virtualizer/cur/SLS/linux/common/libso-gcc-4.7.2:/usr/cad/synopsys/pa_virtualizer/cur/SLS/linux/gnu/gcc-4.7.2/lib:/usr/cad/synopsys/verdi/cur/share/PLI/IUS/LINUX/:/usr/cad/synopsys/pa_virtualizer/cur/SLS/linux/dmtools/lib:/lib
LS_COLORS=rs=0:di=38;5;27:ln=38;5;51:mh=44;38;5;15:pi=40;38;5;11:so=38;5;13:do=38;5;5:bd=48;5;232;38;5;11:cd=48;5;232;38;5;3:or=48;5;232;38;5;9:mi=05;48;5;232;38;5;15:su=48;5;196;38;5;15:sg=48;5;11;38;5;16:ca=48;5;196;38;5;226:tw=48;5;10;38;5;16:ow=48;5;10;38;5;21:st=48;5;21;38;5;15:ex=38;5;34:*.tar=38;5;9:*.tgz=38;5;9:*.arj=38;5;9:*.taz=38;5;9:*.lzh=38;5;9:*.lzma=38;5;9:*.tlz=38;5;9:*.txz=38;5;9:*.zip=38;5;9:*.z=38;5;9:*.Z=38;5;9:*.dz=38;5;9:*.gz=38;5;9:*.lz=38;5;9:*.xz=38;5;9:*.bz2=38;5;9:*.tbz=38;5;9:*.tbz2=38;5;9:*.bz=38;5;9:*.tz=38;5;9:*.deb=38;5;9:*.rpm=38;5;9:*.jar=38;5;9:*.rar=38;5;9:*.ace=38;5;9:*.zoo=38;5;9:*.cpio=38;5;9:*.7z=38;5;9:*.rz=38;5;9:*.jpg=38;5;13:*.jpeg=38;5;13:*.gif=38;5;13:*.bmp=38;5;13:*.pbm=38;5;13:*.pgm=38;5;13:*.ppm=38;5;13:*.tga=38;5;13:*.xbm=38;5;13:*.xpm=38;5;13:*.tif=38;5;13:*.tiff=38;5;13:*.png=38;5;13:*.svg=38;5;13:*.svgz=38;5;13:*.mng=38;5;13:*.pcx=38;5;13:*.mov=38;5;13:*.mpg=38;5;13:*.mpeg=38;5;13:*.m2v=38;5;13:*.mkv=38;5;13:*.ogm=38;5;13:*.mp4=38;5;13:*.m4v=38;5;13:*.mp4v=38;5;13:*.vob=38;5;13:*.qt=38;5;13:*.nuv=38;5;13:*.wmv=38;5;13:*.asf=38;5;13:*.rm=38;5;13:*.rmvb=38;5;13:*.flc=38;5;13:*.avi=38;5;13:*.fli=38;5;13:*.flv=38;5;13:*.gl=38;5;13:*.dl=38;5;13:*.xcf=38;5;13:*.xwd=38;5;13:*.yuv=38;5;13:*.cgm=38;5;13:*.emf=38;5;13:*.axv=38;5;13:*.anx=38;5;13:*.ogv=38;5;13:*.ogx=38;5;13:*.aac=38;5;45:*.au=38;5;45:*.flac=38;5;45:*.mid=38;5;45:*.midi=38;5;45:*.mka=38;5;45:*.mp3=38;5;45:*.mpc=38;5;45:*.ogg=38;5;45:*.ra=38;5;45:*.wav=38;5;45:*.axa=38;5;45:*.oga=38;5;45:*.spx=38;5;45:*.xspf=38;5;45:
COWAREHOME=/usr/cad/synopsys/pa_virtualizer/cur/SLS/linux
HOSTTYPE=x86_64-linux
ENCOUNTER=/usr/cad/cadence/INNOVUS/cur/tools/fe
MAKELEVEL=1
MFLAGS=
SNPS_VP_HOME=/usr/cad/synopsys/pa_virtualizer/cur/SLS/linux
MAIL=/var/spool/mail/u107062107
COWARE_PRODUCT=PA
PATH=/usr/cad/cadence/INNOVUS/cur/tools/celtic/bin:/usr/cad/cadence/INNOVUS/cur/tools/plato/bin:/usr/cad/cadence/INNOVUS/cur/tools/dfII/bin:/usr/cad/cadence/INNOVUS/cur/tools/bin:/usr/cad/cadence/INNOVUS/cur//tools/tlfUtil/bin:/usr/cad/cadence/INCISIV/cur/tools/bin:/usr/cad/cadence/INCISIV/cur/tools/vtools/vfault/bin:/usr/cad/cadence/INCISIV/cur/tools/dfII/bin:/usr/cad/cadence/EDI/cur/tools/celtic/bin:/usr/cad/cadence/EDI/cur/tools/plato/bin:/usr/cad/cadence/EDI/cur/tools/dfII/bin:/usr/cad/cadence/EDI/cur/tools/fe/bin:/usr/cad/cadence/EDI/cur/tools/cdsdoc/bin:/usr/cad/cadence/EDI/cur/tools/bin:/usr/cad/cadence/EDI/cur//tools/tlfUtil/bin:/usr/cad/cadence/CTOS/cur/tools/bin:/usr/cad/cadence/MMSIM/cur/tools/dfII/bin:/usr/cad/cadence/MMSIM/cur/tools/bin:/usr/cad/cadence/EXT/cur/tools/bin:/usr/cad/cadence/ETS/cur/tools/bin:/usr/cad/cadence/CONFRML/cur/./bin:/usr/cad/cadence/CONFRML/cur/tools/bin:/usr/cad/cadence/IC/cur/tools/dfII/bin:/usr/cad/cadence/IC/cur/tools/dracula/bin:/usr/cad/cadence/IC/cur/tools/bin:/usr/cad/synopsys/pa_virtualizer/cur/SLS/linux/pc/bin:/usr/cad/synopsys/pa_virtualizer/cur/SLS/linux/InnoGUI/Innovator/Bin:/usr/cad/synopsys/pa_virtualizer/cur/SLS/linux/tools/bin:/usr/cad/synopsys/icc/cur/amd64/syn/bin:/usr/bin/X11:/usr/cad/synopsys/coreconsultant/cur/bin:/usr/cad/synopsys/verdi/cur/bin:/usr/cad/synopsys/verdi/cur/nLint/bin:/usr/cad/synopsys/vcs-mx/cur/bin:/usr/cad/synopsys/vcs-mx/cur/linux/bin:/usr/cad/synopsys/vcs-mx/cur/linux/util:/usr/cad/synopsys/vcs-mx/cur/linux/flexlm:/usr/bin/X11:/usr/cad/synopsys/coreConsultant/cur/bin:/usr/cad/synopsys/synthesis/cur/amd64/syn/bin:/usr/cad/synopsys/lc/cur/bin:/usr/bin/X11:/usr/cad/synopsys/primetime/cur/amd64/syn/bin:/usr/lib64/qt-3.3/bin:/usr/local/bin:/bin:/usr/bin
SNPS_VP_HTYPE=linux
INPUTRC=/etc/inputrc
OAHOME=/usr/cad/cadence/oa_v22.04.073
PWD=/users/course/2021S/vlsi8000000/u107062107/hw4_template
VCS_HOME=/usr/cad/synopsys/vcs-mx/cur
LANG=zh_TW.UTF-8
KDE_IS_PRELINKED=1
PCTHOME=/usr/cad/synopsys/pa_virtualizer/cur/SLS/linux/pc
VERPLEX_HOME=/usr/cad/cadence/CONFRML/cur
SYNTHESIS=/usr/cad/synopsys/synthesis/cur
KDEDIRS=/usr
OA_HOME=/usr/cad/cadence/INNOVUS/cur/oa
COWARE_JRE=/usr/cad/synopsys/pa_virtualizer/cur/SLS/linux/../linux/java
VCS_CC=gcc
CDS_Netlisting_Mode=Analog
SYNOPSYS=/usr/cad/synopsys/icc/cur
PRIMETIME=/usr/cad/synopsys/primetime/cur
LM_LICENSE_FILE=5280@lshc:5280@lsncu:5280@lsntu:8224@lscic.cic.org.tw:26585@lscic.cic.org.tw:26585@lscic
SSH_ASKPASS=/usr/libexec/openssh/gnome-ssh-askpass
SHLVL=2
HOME=/users/course/2021S/vlsi8000000/u107062107
OSTYPE=linux
COWAREDOC_INSTALLED_AT=/usr/cad/synopsys/pa_virtualizer/vJ-2014.12/Documentation
VENDOR=unknown
LOGNAME=u107062107
MACHTYPE=x86_64
CVS_RSH=ssh
QTLIB=/usr/lib64/qt-3.3/lib
SSH_CONNECTION=192.168.75.200 36759 192.168.75.27 22
LESSOPEN=||/usr/bin/lesspipe.sh %s
SHLIB_PATH=/usr/cad/synopsys/verdi/cur/share/PLI/IUS/LINUX
COWAREHT=linux
DISPLAY=localhost:11.0
SYN_MAN_DIR=/usr/cad/synopsys/synthesis/cur/doc/syn/man
SOFT_MAN_DIR=/usr/cad/synopsys/coreconsultant/cur/doc/dware/man
G_BROKEN_FILENAMES=1
_=/usr/cad/cadence/INCISIV/cur/tools/bin/ncverilog
_IRUNROOT_=/usr/cad/cadence/INCISIV/cur/tools
CDS_ARCH=lnx86
NCRUNMODE=ncverilog:./INCA_libs/irun.lnx86.15.20.nc
IRUNBATCH=FALSE
IMPERAS_PORT_FILE=.vsp_ovp_gdb_port
TCL_LIBRARY=/usr/cad/cadence/INCISIV/cur/tools/inca/files/tcl/library
Runtime command line arguments:
argv[0]=ncverilog
argv[1]=header.v
argv[2]=testbench_mmap.v
argv[3]=dnn_syn.v
argv[4]=picorv32.v
argv[5]=-v
argv[6]=/theda21_2/library/GPDK045/cur/gsclib045/verilog/slow_vdd1v2_basicCells.v
argv[7]=+define+COMPRESSED_ISA
argv[8]=+access+r
103 profile - 100
          CPU/Mem usage: 0.100 sys,  0.080 user,  96.42M sys,  0.00M vm
104 VC callback profile - scalar:0 vector:0
105 Tue Jun  8 16:33:55 2021
106 pliAppInit
107 *Verdi3* : Enable Parallel Dumping.
108 pliAppMiscSet: New Sim Round
109 pliEntryInit
110 LIBSSCORE=found /usr/cad/synopsys/verdi/cur/share/PLI/IUS/LINUX/libsscore_ius152.so through $LD_LIBRARY_PATH setting.
111 argv[0]: testbench.fsdb
112 argv[0]: 0
113 argv[1]: (handle)0xc287440 testbench
114 Sim process exit
