****************************************
Report : Time Based Power (Cycle Accurate)
Design : DNN_MMAP
Version: R-2020.09
Date   : Thu Jul  1 03:16:46 2021
****************************************



  Attributes
  ----------
      i  -  Including register clock pin internal power
      u  -  User defined power group

                        Internal  Switching  Leakage    Total
Power Group             Power     Power      Power      Power   (     %)  Attrs
--------------------------------------------------------------------------------
clock_network           1.914e-04 3.330e-05 1.715e-08 2.247e-04 (78.79%)  i
register                6.412e-06 6.146e-06 4.024e-07 1.296e-05 ( 4.54%)  
combinational           2.692e-05 1.972e-05 8.856e-07 4.753e-05 (16.66%)  
sequential                 0.0000    0.0000    0.0000    0.0000 ( 0.00%)  
memory                     0.0000    0.0000    0.0000    0.0000 ( 0.00%)  
io_pad                     0.0000    0.0000    0.0000    0.0000 ( 0.00%)  
black_box                  0.0000    0.0000    0.0000    0.0000 ( 0.00%)  

  Net Switching Power          = 5.917e-05   (20.75%)
  Cell Internal Power          = 2.248e-04   (78.80%)
  Cell Leakage Power           = 1.305e-06   ( 0.46%)
                                 ---------
Total Power                    = 2.852e-04  (100.00%)

X Transition Power             =    0.0000
CAPP Estimated Glitching Power = 9.262e-06

Peak Power                     = 3.822e-04
Peak Time                      =    117280

1
